# JRE version: OpenJDK Runtime Environment (8.0_202-b03) (build 1.8.0_202-release-1483-b03)
# Java VM: OpenJDK 64-Bit Server VM (25.202-b03 mixed mode windows-amd64 compressed oops)
Heap:
 PSYoungGen      total 140288K, used 102619K [0x00000000e0000000, 0x00000000ea580000, 0x0000000100000000)
  eden space 127488K, 74% used [0x00000000e0000000,0x00000000e5c9b2e8,0x00000000e7c80000)
  from space 12800K, 60% used [0x00000000e7c80000,0x00000000e841bcc0,0x00000000e8900000)
  to   space 12800K, 0% used [0x00000000e9900000,0x00000000e9900000,0x00000000ea580000)
 ParOldGen       total 77312K, used 32563K [0x00000000a0000000, 0x00000000a4b80000, 0x00000000e0000000)
  object space 77312K, 42% used [0x00000000a0000000,0x00000000a1fccf80,0x00000000a4b80000)
 Metaspace       used 64262K, capacity 66264K, committed 66520K, reserved 1107968K
  class space    used 8419K, capacity 8868K, committed 8920K, reserved 1048576K
GC Heap History (10 events):
Event: 22.792 GC heap before
{Heap before GC invocations=16 (full 2):
 PSYoungGen      total 72704K, used 66560K [0x00000000e0000000, 0x00000000e6c00000, 0x0000000100000000)
  eden space 66560K, 100% used [0x00000000e0000000,0x00000000e4100000,0x00000000e4100000)
  from space 6144K, 0% used [0x00000000e4100000,0x00000000e4100000,0x00000000e4700000)
  to   space 6144K, 0% used [0x00000000e6600000,0x00000000e6600000,0x00000000e6c00000)
 ParOldGen       total 47104K, used 16802K [0x00000000a0000000, 0x00000000a2e00000, 0x00000000e0000000)
  object space 47104K, 35% used [0x00000000a0000000,0x00000000a1068aa8,0x00000000a2e00000)
 Metaspace       used 42485K, capacity 43440K, committed 43736K, reserved 1087488K
  class space    used 5748K, capacity 5986K, committed 6104K, reserved 1048576K
Event: 22.812 GC heap after
Heap after GC invocations=16 (full 2):
 PSYoungGen      total 98816K, used 6141K [0x00000000e0000000, 0x00000000e6c00000, 0x0000000100000000)
  eden space 92672K, 0% used [0x00000000e0000000,0x00000000e0000000,0x00000000e5a80000)
  from space 6144K, 99% used [0x00000000e6600000,0x00000000e6bff7f0,0x00000000e6c00000)
  to   space 8704K, 0% used [0x00000000e5b00000,0x00000000e5b00000,0x00000000e6380000)
 ParOldGen       total 47104K, used 22091K [0x00000000a0000000, 0x00000000a2e00000, 0x00000000e0000000)
  object space 47104K, 46% used [0x00000000a0000000,0x00000000a1592de0,0x00000000a2e00000)
 Metaspace       used 42485K, capacity 43440K, committed 43736K, reserved 1087488K
  class space    used 5748K, capacity 5986K, committed 6104K, reserved 1048576K
}
Event: 24.692 GC heap before
{Heap before GC invocations=17 (full 2):
 PSYoungGen      total 98816K, used 98813K [0x00000000e0000000, 0x00000000e6c00000, 0x0000000100000000)
  eden space 92672K, 100% used [0x00000000e0000000,0x00000000e5a80000,0x00000000e5a80000)
  from space 6144K, 99% used [0x00000000e6600000,0x00000000e6bff7f0,0x00000000e6c00000)
  to   space 8704K, 0% used [0x00000000e5b00000,0x00000000e5b00000,0x00000000e6380000)
 ParOldGen       total 47104K, used 22091K [0x00000000a0000000, 0x00000000a2e00000, 0x00000000e0000000)
  object space 47104K, 46% used [0x00000000a0000000,0x00000000a1592de0,0x00000000a2e00000)
 Metaspace       used 49695K, capacity 50866K, committed 51032K, reserved 1093632K
  class space    used 6693K, capacity 6994K, committed 7000K, reserved 1048576K
Event: 24.725 GC heap after
Heap after GC invocations=17 (full 2):
 PSYoungGen      total 101888K, used 8696K [0x00000000e0000000, 0x00000000e9480000, 0x0000000100000000)
  eden space 93184K, 0% used [0x00000000e0000000,0x00000000e0000000,0x00000000e5b00000)
  from space 8704K, 99% used [0x00000000e5b00000,0x00000000e637e018,0x00000000e6380000)
  to   space 11776K, 0% used [0x00000000e8900000,0x00000000e8900000,0x00000000e9480000)
 ParOldGen       total 47104K, used 28331K [0x00000000a0000000, 0x00000000a2e00000, 0x00000000e0000000)
  object space 47104K, 60% used [0x00000000a0000000,0x00000000a1baaf40,0x00000000a2e00000)
 Metaspace       used 49695K, capacity 50866K, committed 51032K, reserved 1093632K
  class space    used 6693K, capacity 6994K, committed 7000K, reserved 1048576K
}
Event: 27.468 GC heap before
{Heap before GC invocations=18 (full 2):
 PSYoungGen      total 101888K, used 99718K [0x00000000e0000000, 0x00000000e9480000, 0x0000000100000000)
  eden space 93184K, 97% used [0x00000000e0000000,0x00000000e58e38c0,0x00000000e5b00000)
  from space 8704K, 99% used [0x00000000e5b00000,0x00000000e637e018,0x00000000e6380000)
  to   space 11776K, 0% used [0x00000000e8900000,0x00000000e8900000,0x00000000e9480000)
 ParOldGen       total 47104K, used 28331K [0x00000000a0000000, 0x00000000a2e00000, 0x00000000e0000000)
  object space 47104K, 60% used [0x00000000a0000000,0x00000000a1baaf40,0x00000000a2e00000)
 Metaspace       used 57056K, capacity 58920K, committed 59028K, reserved 1099776K
  class space    used 7796K, capacity 8227K, committed 8280K, reserved 1048576K
Event: 27.491 GC heap after
Heap after GC invocations=18 (full 2):
 PSYoungGen      total 139264K, used 9434K [0x00000000e0000000, 0x00000000e9580000, 0x0000000100000000)
  eden space 127488K, 0% used [0x00000000e0000000,0x00000000e0000000,0x00000000e7c80000)
  from space 11776K, 80% used [0x00000000e8900000,0x00000000e92369d0,0x00000000e9480000)
  to   space 12800K, 0% used [0x00000000e7c80000,0x00000000e7c80000,0x00000000e8900000)
 ParOldGen       total 47104K, used 33797K [0x00000000a0000000, 0x00000000a2e00000, 0x00000000e0000000)
  object space 47104K, 71% used [0x00000000a0000000,0x00000000a21017a0,0x00000000a2e00000)
 Metaspace       used 57056K, capacity 58920K, committed 59028K, reserved 1099776K
  class space    used 7796K, capacity 8227K, committed 8280K, reserved 1048576K
}
Event: 27.491 GC heap before
{Heap before GC invocations=19 (full 3):
 PSYoungGen      total 139264K, used 9434K [0x00000000e0000000, 0x00000000e9580000, 0x0000000100000000)
  eden space 127488K, 0% used [0x00000000e0000000,0x00000000e0000000,0x00000000e7c80000)
  from space 11776K, 80% used [0x00000000e8900000,0x00000000e92369d0,0x00000000e9480000)
  to   space 12800K, 0% used [0x00000000e7c80000,0x00000000e7c80000,0x00000000e8900000)
 ParOldGen       total 47104K, used 33797K [0x00000000a0000000, 0x00000000a2e00000, 0x00000000e0000000)
  object space 47104K, 71% used [0x00000000a0000000,0x00000000a21017a0,0x00000000a2e00000)
 Metaspace       used 57056K, capacity 58920K, committed 59028K, reserved 1099776K
  class space    used 7796K, capacity 8227K, committed 8280K, reserved 1048576K
Event: 27.869 GC heap after
Heap after GC invocations=19 (full 3):
 PSYoungGen      total 139264K, used 0K [0x00000000e0000000, 0x00000000e9580000, 0x0000000100000000)
  eden space 127488K, 0% used [0x00000000e0000000,0x00000000e0000000,0x00000000e7c80000)
  from space 11776K, 0% used [0x00000000e8900000,0x00000000e8900000,0x00000000e9480000)
  to   space 12800K, 0% used [0x00000000e7c80000,0x00000000e7c80000,0x00000000e8900000)
 ParOldGen       total 77312K, used 32555K [0x00000000a0000000, 0x00000000a4b80000, 0x00000000e0000000)
  object space 77312K, 42% used [0x00000000a0000000,0x00000000a1fcaf80,0x00000000a4b80000)
 Metaspace       used 56953K, capacity 58626K, committed 59028K, reserved 1099776K
  class space    used 7763K, capacity 8170K, committed 8280K, reserved 1048576K
}
Event: 355.359 GC heap before
{Heap before GC invocations=20 (full 3):
 PSYoungGen      total 139264K, used 127488K [0x00000000e0000000, 0x00000000e9580000, 0x0000000100000000)
  eden space 127488K, 100% used [0x00000000e0000000,0x00000000e7c80000,0x00000000e7c80000)
  from space 11776K, 0% used [0x00000000e8900000,0x00000000e8900000,0x00000000e9480000)
  to   space 12800K, 0% used [0x00000000e7c80000,0x00000000e7c80000,0x00000000e8900000)
 ParOldGen       total 77312K, used 32555K [0x00000000a0000000, 0x00000000a4b80000, 0x00000000e0000000)
  object space 77312K, 42% used [0x00000000a0000000,0x00000000a1fcaf80,0x00000000a4b80000)
 Metaspace       used 62272K, capacity 64276K, committed 64472K, reserved 1105920K
  class space    used 8194K, capacity 8658K, committed 8664K, reserved 1048576K
Event: 355.747 GC heap after
Heap after GC invocations=20 (full 3):
 PSYoungGen      total 140288K, used 7791K [0x00000000e0000000, 0x00000000ea580000, 0x0000000100000000)
  eden space 127488K, 0% used [0x00000000e0000000,0x00000000e0000000,0x00000000e7c80000)
  from space 12800K, 60% used [0x00000000e7c80000,0x00000000e841bcc0,0x00000000e8900000)
  to   space 12800K, 0% used [0x00000000e9900000,0x00000000e9900000,0x00000000ea580000)
 ParOldGen       total 77312K, used 32563K [0x00000000a0000000, 0x00000000a4b80000, 0x00000000e0000000)
  object space 77312K, 42% used [0x00000000a0000000,0x00000000a1fccf80,0x00000000a4b80000)
 Metaspace       used 62272K, capacity 64276K, committed 64472K, reserved 1105920K
  class space    used 8194K, capacity 8658K, committed 8664K, reserved 1048576K
}

