# JRE version: OpenJDK Runtime Environment (8.0_202-b03) (build 1.8.0_202-release-1483-b03)
# Java VM: OpenJDK 64-Bit Server VM (25.202-b03 mixed mode windows-amd64 compressed oops)
Heap:
 PSYoungGen      total 151552K, used 65599K [0x00000000e0000000, 0x00000000ea900000, 0x0000000100000000)
  eden space 137728K, 37% used [0x00000000e0000000,0x00000000e3293f78,0x00000000e8680000)
  from space 13824K, 99% used [0x00000000e8e00000,0x00000000e9b7bec8,0x00000000e9b80000)
  to   space 8192K, 0% used [0x00000000ea100000,0x00000000ea100000,0x00000000ea900000)
 ParOldGen       total 78848K, used 34021K [0x00000000a0000000, 0x00000000a4d00000, 0x00000000e0000000)
  object space 78848K, 43% used [0x00000000a0000000,0x00000000a2139598,0x00000000a4d00000)
 Metaspace       used 72114K, capacity 74936K, committed 75096K, reserved 1114112K
  class space    used 9463K, capacity 10080K, committed 10112K, reserved 1048576K
GC Heap History (10 events):
Event: 53.720 GC heap before
{Heap before GC invocations=18 (full 2):
 PSYoungGen      total 94720K, used 94688K [0x00000000e0000000, 0x00000000e8a00000, 0x0000000100000000)
  eden space 88064K, 100% used [0x00000000e0000000,0x00000000e5600000,0x00000000e5600000)
  from space 6656K, 99% used [0x00000000e5600000,0x00000000e5c78390,0x00000000e5c80000)
  to   space 9728K, 0% used [0x00000000e8080000,0x00000000e8080000,0x00000000e8a00000)
 ParOldGen       total 47104K, used 21457K [0x00000000a0000000, 0x00000000a2e00000, 0x00000000e0000000)
  object space 47104K, 45% used [0x00000000a0000000,0x00000000a14f46c8,0x00000000a2e00000)
 Metaspace       used 51233K, capacity 52514K, committed 52824K, reserved 1095680K
  class space    used 6918K, capacity 7258K, committed 7296K, reserved 1048576K
Event: 53.993 GC heap after
Heap after GC invocations=18 (full 2):
 PSYoungGen      total 128000K, used 9701K [0x00000000e0000000, 0x00000000e9480000, 0x0000000100000000)
  eden space 118272K, 0% used [0x00000000e0000000,0x00000000e0000000,0x00000000e7380000)
  from space 9728K, 99% used [0x00000000e8080000,0x00000000e89f9790,0x00000000e8a00000)
  to   space 13312K, 0% used [0x00000000e7380000,0x00000000e7380000,0x00000000e8080000)
 ParOldGen       total 47104K, used 27407K [0x00000000a0000000, 0x00000000a2e00000, 0x00000000e0000000)
  object space 47104K, 58% used [0x00000000a0000000,0x00000000a1ac3d38,0x00000000a2e00000)
 Metaspace       used 51233K, capacity 52514K, committed 52824K, reserved 1095680K
  class space    used 6918K, capacity 7258K, committed 7296K, reserved 1048576K
}
Event: 61.754 GC heap before
{Heap before GC invocations=19 (full 2):
 PSYoungGen      total 128000K, used 111109K [0x00000000e0000000, 0x00000000e9480000, 0x0000000100000000)
  eden space 118272K, 85% used [0x00000000e0000000,0x00000000e6307e00,0x00000000e7380000)
  from space 9728K, 99% used [0x00000000e8080000,0x00000000e89f9790,0x00000000e8a00000)
  to   space 13312K, 0% used [0x00000000e7380000,0x00000000e7380000,0x00000000e8080000)
 ParOldGen       total 47104K, used 27407K [0x00000000a0000000, 0x00000000a2e00000, 0x00000000e0000000)
  object space 47104K, 58% used [0x00000000a0000000,0x00000000a1ac3d38,0x00000000a2e00000)
 Metaspace       used 57638K, capacity 59426K, committed 59580K, reserved 1101824K
  class space    used 7823K, capacity 8242K, committed 8320K, reserved 1048576K
Event: 61.933 GC heap after
Heap after GC invocations=19 (full 2):
 PSYoungGen      total 131584K, used 9564K [0x00000000e0000000, 0x00000000eae80000, 0x0000000100000000)
  eden space 118272K, 0% used [0x00000000e0000000,0x00000000e0000000,0x00000000e7380000)
  from space 13312K, 71% used [0x00000000e7380000,0x00000000e7cd7060,0x00000000e8080000)
  to   space 13824K, 0% used [0x00000000ea100000,0x00000000ea100000,0x00000000eae80000)
 ParOldGen       total 47104K, used 32097K [0x00000000a0000000, 0x00000000a2e00000, 0x00000000e0000000)
  object space 47104K, 68% used [0x00000000a0000000,0x00000000a1f585b8,0x00000000a2e00000)
 Metaspace       used 57638K, capacity 59426K, committed 59580K, reserved 1101824K
  class space    used 7823K, capacity 8242K, committed 8320K, reserved 1048576K
}
Event: 61.935 GC heap before
{Heap before GC invocations=20 (full 3):
 PSYoungGen      total 131584K, used 9564K [0x00000000e0000000, 0x00000000eae80000, 0x0000000100000000)
  eden space 118272K, 0% used [0x00000000e0000000,0x00000000e0000000,0x00000000e7380000)
  from space 13312K, 71% used [0x00000000e7380000,0x00000000e7cd7060,0x00000000e8080000)
  to   space 13824K, 0% used [0x00000000ea100000,0x00000000ea100000,0x00000000eae80000)
 ParOldGen       total 47104K, used 32097K [0x00000000a0000000, 0x00000000a2e00000, 0x00000000e0000000)
  object space 47104K, 68% used [0x00000000a0000000,0x00000000a1f585b8,0x00000000a2e00000)
 Metaspace       used 57638K, capacity 59426K, committed 59580K, reserved 1101824K
  class space    used 7823K, capacity 8242K, committed 8320K, reserved 1048576K
Event: 63.136 GC heap after
Heap after GC invocations=20 (full 3):
 PSYoungGen      total 131584K, used 0K [0x00000000e0000000, 0x00000000eae80000, 0x0000000100000000)
  eden space 118272K, 0% used [0x00000000e0000000,0x00000000e0000000,0x00000000e7380000)
  from space 13312K, 0% used [0x00000000e7380000,0x00000000e7380000,0x00000000e8080000)
  to   space 13824K, 0% used [0x00000000ea100000,0x00000000ea100000,0x00000000eae80000)
 ParOldGen       total 78848K, used 33348K [0x00000000a0000000, 0x00000000a4d00000, 0x00000000e0000000)
  object space 78848K, 42% used [0x00000000a0000000,0x00000000a20913c8,0x00000000a4d00000)
 Metaspace       used 57568K, capacity 59218K, committed 59580K, reserved 1101824K
  class space    used 7802K, capacity 8204K, committed 8320K, reserved 1048576K
}
Event: 206.100 GC heap before
{Heap before GC invocations=21 (full 3):
 PSYoungGen      total 131584K, used 118272K [0x00000000e0000000, 0x00000000eae80000, 0x0000000100000000)
  eden space 118272K, 100% used [0x00000000e0000000,0x00000000e7380000,0x00000000e7380000)
  from space 13312K, 0% used [0x00000000e7380000,0x00000000e7380000,0x00000000e8080000)
  to   space 13824K, 0% used [0x00000000ea100000,0x00000000ea100000,0x00000000eae80000)
 ParOldGen       total 78848K, used 33348K [0x00000000a0000000, 0x00000000a4d00000, 0x00000000e0000000)
  object space 78848K, 42% used [0x00000000a0000000,0x00000000a20913c8,0x00000000a4d00000)
 Metaspace       used 62769K, capacity 64792K, committed 64984K, reserved 1105920K
  class space    used 8204K, capacity 8674K, committed 8704K, reserved 1048576K
Event: 206.253 GC heap after
Heap after GC invocations=21 (full 3):
 PSYoungGen      total 145920K, used 8085K [0x00000000e0000000, 0x00000000ea900000, 0x0000000100000000)
  eden space 137728K, 0% used [0x00000000e0000000,0x00000000e0000000,0x00000000e8680000)
  from space 8192K, 98% used [0x00000000ea100000,0x00000000ea8e5480,0x00000000ea900000)
  to   space 13824K, 0% used [0x00000000e8e00000,0x00000000e8e00000,0x00000000e9b80000)
 ParOldGen       total 78848K, used 33356K [0x00000000a0000000, 0x00000000a4d00000, 0x00000000e0000000)
  object space 78848K, 42% used [0x00000000a0000000,0x00000000a20933c8,0x00000000a4d00000)
 Metaspace       used 62769K, capacity 64792K, committed 64984K, reserved 1105920K
  class space    used 8204K, capacity 8674K, committed 8704K, reserved 1048576K
}
Event: 228.527 GC heap before
{Heap before GC invocations=22 (full 3):
 PSYoungGen      total 145920K, used 145813K [0x00000000e0000000, 0x00000000ea900000, 0x0000000100000000)
  eden space 137728K, 100% used [0x00000000e0000000,0x00000000e8680000,0x00000000e8680000)
  from space 8192K, 98% used [0x00000000ea100000,0x00000000ea8e5480,0x00000000ea900000)
  to   space 13824K, 0% used [0x00000000e8e00000,0x00000000e8e00000,0x00000000e9b80000)
 ParOldGen       total 78848K, used 33356K [0x00000000a0000000, 0x00000000a4d00000, 0x00000000e0000000)
  object space 78848K, 42% used [0x00000000a0000000,0x00000000a20933c8,0x00000000a4d00000)
 Metaspace       used 66179K, capacity 68464K, committed 68568K, reserved 1107968K
  class space    used 8652K, capacity 9198K, committed 9216K, reserved 1048576K
Event: 229.420 GC heap after
Heap after GC invocations=22 (full 3):
 PSYoungGen      total 151552K, used 13807K [0x00000000e0000000, 0x00000000ea900000, 0x0000000100000000)
  eden space 137728K, 0% used [0x00000000e0000000,0x00000000e0000000,0x00000000e8680000)
  from space 13824K, 99% used [0x00000000e8e00000,0x00000000e9b7bec8,0x00000000e9b80000)
  to   space 8192K, 0% used [0x00000000ea100000,0x00000000ea100000,0x00000000ea900000)
 ParOldGen       total 78848K, used 34021K [0x00000000a0000000, 0x00000000a4d00000, 0x00000000e0000000)
  object space 78848K, 43% used [0x00000000a0000000,0x00000000a2139598,0x00000000a4d00000)
 Metaspace       used 66179K, capacity 68464K, committed 68568K, reserved 1107968K
  class space    used 8652K, capacity 9198K, committed 9216K, reserved 1048576K
}

