# JRE version: OpenJDK Runtime Environment (8.0_202-b03) (build 1.8.0_202-release-1483-b03)
# Java VM: OpenJDK 64-Bit Server VM (25.202-b03 mixed mode windows-amd64 compressed oops)
Heap:
 PSYoungGen      total 444928K, used 31095K [0x00000000e0000000, 0x0000000100000000, 0x0000000100000000)
  eden space 428544K, 3% used [0x00000000e0000000,0x00000000e0f00730,0x00000000fa280000)
  from space 16384K, 96% used [0x00000000fbc00000,0x00000000fcb5d868,0x00000000fcc00000)
  to   space 26112K, 0% used [0x00000000fa280000,0x00000000fa280000,0x00000000fbc00000)
 ParOldGen       total 86016K, used 55318K [0x00000000a0000000, 0x00000000a5400000, 0x00000000e0000000)
  object space 86016K, 64% used [0x00000000a0000000,0x00000000a3605a78,0x00000000a5400000)
 Metaspace       used 75231K, capacity 78294K, committed 78552K, reserved 1118208K
  class space    used 9781K, capacity 10412K, committed 10456K, reserved 1048576K
GC Heap History (10 events):
Event: 594.826 GC heap before
{Heap before GC invocations=17 (full 3):
 PSYoungGen      total 273408K, used 270491K [0x00000000e0000000, 0x00000000f7800000, 0x0000000100000000)
  eden space 248832K, 100% used [0x00000000e0000000,0x00000000ef300000,0x00000000ef300000)
  from space 24576K, 88% used [0x00000000ef300000,0x00000000f0826f80,0x00000000f0b00000)
  to   space 27136K, 0% used [0x00000000f5d80000,0x00000000f5d80000,0x00000000f7800000)
 ParOldGen       total 86016K, used 33374K [0x00000000a0000000, 0x00000000a5400000, 0x00000000e0000000)
  object space 86016K, 38% used [0x00000000a0000000,0x00000000a2097998,0x00000000a5400000)
 Metaspace       used 74564K, capacity 77506K, committed 77784K, reserved 1116160K
  class space    used 9726K, capacity 10350K, committed 10456K, reserved 1048576K
Event: 594.890 GC heap after
Heap after GC invocations=17 (full 3):
 PSYoungGen      total 349696K, used 9417K [0x00000000e0000000, 0x00000000f7300000, 0x0000000100000000)
  eden space 327680K, 0% used [0x00000000e0000000,0x00000000e0000000,0x00000000f4000000)
  from space 22016K, 42% used [0x00000000f5d80000,0x00000000f66b25b0,0x00000000f7300000)
  to   space 26112K, 0% used [0x00000000f4000000,0x00000000f4000000,0x00000000f5980000)
 ParOldGen       total 86016K, used 45892K [0x00000000a0000000, 0x00000000a5400000, 0x00000000e0000000)
  object space 86016K, 53% used [0x00000000a0000000,0x00000000a2cd1248,0x00000000a5400000)
 Metaspace       used 74564K, capacity 77506K, committed 77784K, reserved 1116160K
  class space    used 9726K, capacity 10350K, committed 10456K, reserved 1048576K
}
Event: 599.098 GC heap before
{Heap before GC invocations=18 (full 3):
 PSYoungGen      total 349696K, used 337097K [0x00000000e0000000, 0x00000000f7300000, 0x0000000100000000)
  eden space 327680K, 100% used [0x00000000e0000000,0x00000000f4000000,0x00000000f4000000)
  from space 22016K, 42% used [0x00000000f5d80000,0x00000000f66b25b0,0x00000000f7300000)
  to   space 26112K, 0% used [0x00000000f4000000,0x00000000f4000000,0x00000000f5980000)
 ParOldGen       total 86016K, used 45892K [0x00000000a0000000, 0x00000000a5400000, 0x00000000e0000000)
  object space 86016K, 53% used [0x00000000a0000000,0x00000000a2cd1248,0x00000000a5400000)
 Metaspace       used 74647K, capacity 77582K, committed 77784K, reserved 1116160K
  class space    used 9727K, capacity 10350K, committed 10456K, reserved 1048576K
Event: 599.206 GC heap after
Heap after GC invocations=18 (full 3):
 PSYoungGen      total 353792K, used 1797K [0x00000000e0000000, 0x00000000fd600000, 0x0000000100000000)
  eden space 327680K, 0% used [0x00000000e0000000,0x00000000e0000000,0x00000000f4000000)
  from space 26112K, 6% used [0x00000000f4000000,0x00000000f41c14a8,0x00000000f5980000)
  to   space 26624K, 0% used [0x00000000fbc00000,0x00000000fbc00000,0x00000000fd600000)
 ParOldGen       total 86016K, used 51695K [0x00000000a0000000, 0x00000000a5400000, 0x00000000e0000000)
  object space 86016K, 60% used [0x00000000a0000000,0x00000000a327bdb8,0x00000000a5400000)
 Metaspace       used 74647K, capacity 77582K, committed 77784K, reserved 1116160K
  class space    used 9727K, capacity 10350K, committed 10456K, reserved 1048576K
}
Event: 602.352 GC heap before
{Heap before GC invocations=19 (full 3):
 PSYoungGen      total 353792K, used 329477K [0x00000000e0000000, 0x00000000fd600000, 0x0000000100000000)
  eden space 327680K, 100% used [0x00000000e0000000,0x00000000f4000000,0x00000000f4000000)
  from space 26112K, 6% used [0x00000000f4000000,0x00000000f41c14a8,0x00000000f5980000)
  to   space 26624K, 0% used [0x00000000fbc00000,0x00000000fbc00000,0x00000000fd600000)
 ParOldGen       total 86016K, used 51695K [0x00000000a0000000, 0x00000000a5400000, 0x00000000e0000000)
  object space 86016K, 60% used [0x00000000a0000000,0x00000000a327bdb8,0x00000000a5400000)
 Metaspace       used 74691K, capacity 77722K, committed 78040K, reserved 1116160K
  class space    used 9727K, capacity 10350K, committed 10456K, reserved 1048576K
Event: 602.383 GC heap after
Heap after GC invocations=19 (full 3):
 PSYoungGen      total 436224K, used 7131K [0x00000000e0000000, 0x00000000fcc00000, 0x0000000100000000)
  eden space 419840K, 0% used [0x00000000e0000000,0x00000000e0000000,0x00000000f9a00000)
  from space 16384K, 43% used [0x00000000fbc00000,0x00000000fc2f6da0,0x00000000fcc00000)
  to   space 25600K, 0% used [0x00000000f9a00000,0x00000000f9a00000,0x00000000fb300000)
 ParOldGen       total 86016K, used 52908K [0x00000000a0000000, 0x00000000a5400000, 0x00000000e0000000)
  object space 86016K, 61% used [0x00000000a0000000,0x00000000a33ab3e8,0x00000000a5400000)
 Metaspace       used 74691K, capacity 77722K, committed 78040K, reserved 1116160K
  class space    used 9727K, capacity 10350K, committed 10456K, reserved 1048576K
}
Event: 605.767 GC heap before
{Heap before GC invocations=20 (full 3):
 PSYoungGen      total 436224K, used 426971K [0x00000000e0000000, 0x00000000fcc00000, 0x0000000100000000)
  eden space 419840K, 100% used [0x00000000e0000000,0x00000000f9a00000,0x00000000f9a00000)
  from space 16384K, 43% used [0x00000000fbc00000,0x00000000fc2f6da0,0x00000000fcc00000)
  to   space 25600K, 0% used [0x00000000f9a00000,0x00000000f9a00000,0x00000000fb300000)
 ParOldGen       total 86016K, used 52908K [0x00000000a0000000, 0x00000000a5400000, 0x00000000e0000000)
  object space 86016K, 61% used [0x00000000a0000000,0x00000000a33ab3e8,0x00000000a5400000)
 Metaspace       used 74846K, capacity 77814K, committed 78040K, reserved 1116160K
  class space    used 9736K, capacity 10354K, committed 10456K, reserved 1048576K
Event: 605.898 GC heap after
Heap after GC invocations=20 (full 3):
 PSYoungGen      total 445440K, used 14283K [0x00000000e0000000, 0x00000000fcc00000, 0x0000000100000000)
  eden space 419840K, 0% used [0x00000000e0000000,0x00000000e0000000,0x00000000f9a00000)
  from space 25600K, 55% used [0x00000000f9a00000,0x00000000fa7f2c90,0x00000000fb300000)
  to   space 16384K, 0% used [0x00000000fbc00000,0x00000000fbc00000,0x00000000fcc00000)
 ParOldGen       total 86016K, used 52916K [0x00000000a0000000, 0x00000000a5400000, 0x00000000e0000000)
  object space 86016K, 61% used [0x00000000a0000000,0x00000000a33ad3e8,0x00000000a5400000)
 Metaspace       used 74846K, capacity 77814K, committed 78040K, reserved 1116160K
  class space    used 9736K, capacity 10354K, committed 10456K, reserved 1048576K
}
Event: 615.207 GC heap before
{Heap before GC invocations=21 (full 3):
 PSYoungGen      total 445440K, used 434123K [0x00000000e0000000, 0x00000000fcc00000, 0x0000000100000000)
  eden space 419840K, 100% used [0x00000000e0000000,0x00000000f9a00000,0x00000000f9a00000)
  from space 25600K, 55% used [0x00000000f9a00000,0x00000000fa7f2c90,0x00000000fb300000)
  to   space 16384K, 0% used [0x00000000fbc00000,0x00000000fbc00000,0x00000000fcc00000)
 ParOldGen       total 86016K, used 52916K [0x00000000a0000000, 0x00000000a5400000, 0x00000000e0000000)
  object space 86016K, 61% used [0x00000000a0000000,0x00000000a33ad3e8,0x00000000a5400000)
 Metaspace       used 75221K, capacity 78230K, committed 78296K, reserved 1118208K
  class space    used 9781K, capacity 10412K, committed 10456K, reserved 1048576K
Event: 615.972 GC heap after
Heap after GC invocations=21 (full 3):
 PSYoungGen      total 444928K, used 15734K [0x00000000e0000000, 0x0000000100000000, 0x0000000100000000)
  eden space 428544K, 0% used [0x00000000e0000000,0x00000000e0000000,0x00000000fa280000)
  from space 16384K, 96% used [0x00000000fbc00000,0x00000000fcb5d868,0x00000000fcc00000)
  to   space 26112K, 0% used [0x00000000fa280000,0x00000000fa280000,0x00000000fbc00000)
 ParOldGen       total 86016K, used 55318K [0x00000000a0000000, 0x00000000a5400000, 0x00000000e0000000)
  object space 86016K, 64% used [0x00000000a0000000,0x00000000a3605a78,0x00000000a5400000)
 Metaspace       used 75221K, capacity 78230K, committed 78296K, reserved 1118208K
  class space    used 9781K, capacity 10412K, committed 10456K, reserved 1048576K
}

